<?xml version="1.0" encoding="UTF-8" ?>
<testsuite errors="0" failures="0" hostname="Michaels-MacBook-Air.local" name="ca.sheridancollege.project.BlackjackLogicTest" skipped="0" tests="15" time="0.034" timestamp="2026-07-31T23:52:50">
  <properties>
[...]
</properties>
  <testcase classname="ca.sheridancollege.project.BlackjackLogicTest" name="testHandValueNoAces" time="0.002" />
  <testcase classname="ca.sheridancollege.project.BlackjackLogicTest" name="testDealerHitsBelowSeventeen" time="0.0" />
  <testcase classname="ca.sheridancollege.project.BlackjackLogicTest" name="testDeckHasNoDuplicateCards" time="0.0" />
  <testcase classname="ca.sheridancollege.project.BlackjackLogicTest" name="testTwoAcesResolveCorrectly" time="0.0" />
  <testcase classname="ca.sheridancollege.project.BlackjackLogicTest" name="testDrawCardRemovesFromDeck" time="0.0" />
  <testcase classname="ca.sheridancollege.project.BlackjackLogicTest" name="testDeckHasFiftyTwoCards" time="0.0" />
  <testcase classname="ca.sheridancollege.project.BlackjackLogicTest" name="testDealerStandsAboveSeventeen" time="0.0" />
  <testcase classname="ca.sheridancollege.project.BlackjackLogicTest" name="testWalletCannotOverdraw" time="0.0" />
  <testcase classname="ca.sheridancollege.project.BlackjackLogicTest" name="testNaturalBlackjackValue" time="0.0" />
  <testcase classname="ca.sheridancollege.project.BlackjackLogicTest" name="testDealerStandsAtSeventeen" time="0.0" />
  <testcase classname="ca.sheridancollege.project.BlackjackLogicTest" name="testAceCountedLowToAvoidBust" time="0.0" />
  <testcase classname="ca.sheridancollege.project.BlackjackLogicTest" name="testHandValueEmptyHand" time="0.0" />
  <testcase classname="ca.sheridancollege.project.BlackjackLogicTest" name="testWalletDeductWithinBalance" time="0.0" />
  <testcase classname="ca.sheridancollege.project.BlackjackLogicTest" name="testAceCountedHighWhenSafe" time="0.0" />
  <testcase classname="ca.sheridancollege.project.BlackjackLogicTest" name="testWalletDeposit" time="0.0" />
  <system-out><![CDATA[]]></system-out>
  <system-err><![CDATA[]]></system-err>
</testsuite>
